<?xml version="1.0" encoding="UTF-8"?>
<testsuite xmlns:xsi="http://www.w3.org/2001/XMLSchema-instance" xsi:noNamespaceSchemaLocation="https://maven.apache.org/surefire/maven-surefire-plugin/xsd/surefire-test-report-3.0.xsd" version="3.0" name="com.monitoring.ServerApplication.ServerApplicationTests" time="2.955" tests="2" errors="0" skipped="0" failures="0">
  <properties>
[...]
</properties>
  <testcase name="checkNodeStatusMarksOldHeartbeatAsDown" classname="com.monitoring.ServerApplication.ServerApplicationTests" time="0.258">
    <system-out><![CDATA[09:18:37.466 [main] INFO org.springframework.test.context.support.AnnotationConfigContextLoaderUtils -- Could not detect default configuration classes for test class [com.monitoring.ServerApplication.ServerApplicationTests]: ServerApplicationTests does not declare any static, non-private, non-final, nested classes annotated with @Configuration.
09:18:37.527 [main] INFO org.springframework.boot.test.context.SpringBootTestContextBootstrapper -- Found @SpringBootConfiguration com.monitoring.ServerApplication.ServerApplication for test class com.monitoring.ServerApplication.ServerApplicationTests

  .   ____          _            __ _ _
 /\\ / ___'_ __ _ _(_)_ __  __ _ \ \ \ \
( ( )\___ | '_ | '_| | '_ \/ _` | \ \ \ \
 \\/  ___)| |_)| | | | | || (_| |  ) ) ) )
  '  |____| .__|_| |_|_| |_\__, | / / / /
 =========|_|==============|___/=/_/_/_/

 :: Spring Boot ::                (v3.3.5)

2026-05-10T09:18:37.792+07:00  INFO 5108 --- [ServerApplication] [           main] c.m.S.ServerApplicationTests             : Starting ServerApplicationTests using Java 25 with PID 5108 (started by khanh in D:\Summer 2026\Distributed System\Node-Health-Checking\Node-Health-Checking\ServerApplication)
2026-05-10T09:18:37.793+07:00  INFO 5108 --- [ServerApplication] [           main] c.m.S.ServerApplicationTests             : No active profile set, falling back to 1 default profile: "default"
2026-05-10T09:18:38.086+07:00  INFO 5108 --- [ServerApplication] [           main] .s.d.r.c.RepositoryConfigurationDelegate : Bootstrapping Spring Data JPA repositories in DEFAULT mode.
2026-05-10T09:18:38.109+07:00  INFO 5108 --- [ServerApplication] [           main] .s.d.r.c.RepositoryConfigurationDelegate : Finished Spring Data repository scanning in 19 ms. Found 2 JPA repository interfaces.
2026-05-10T09:18:38.494+07:00  INFO 5108 --- [ServerApplication] [           main] o.hibernate.jpa.internal.util.LogHelper  : HHH000204: Processing PersistenceUnitInfo [name: default]
2026-05-10T09:18:38.531+07:00  INFO 5108 --- [ServerApplication] [           main] org.hibernate.Version                    : HHH000412: Hibernate ORM core version 6.5.3.Final
2026-05-10T09:18:38.556+07:00  INFO 5108 --- [ServerApplication] [           main] o.h.c.internal.RegionFactoryInitiator    : HHH000026: Second-level cache disabled
2026-05-10T09:18:38.775+07:00  INFO 5108 --- [ServerApplication] [           main] o.s.o.j.p.SpringPersistenceUnitInfo      : No LoadTimeWeaver setup: ignoring JPA class transformer
2026-05-10T09:18:38.798+07:00  INFO 5108 --- [ServerApplication] [           main] com.zaxxer.hikari.HikariDataSource       : HikariPool-1 - Starting...
2026-05-10T09:18:38.922+07:00  INFO 5108 --- [ServerApplication] [           main] com.zaxxer.hikari.pool.HikariPool        : HikariPool-1 - Added connection conn0: url=jdbc:h2:mem:testdb user=SA
2026-05-10T09:18:38.923+07:00  INFO 5108 --- [ServerApplication] [           main] com.zaxxer.hikari.HikariDataSource       : HikariPool-1 - Start completed.
2026-05-10T09:18:39.417+07:00  INFO 5108 --- [ServerApplication] [           main] o.h.e.t.j.p.i.JtaPlatformInitiator       : HHH000489: No JTA platform available (set 'hibernate.transaction.jta.platform' to enable JTA platform integration)
2026-05-10T09:18:39.477+07:00  INFO 5108 --- [ServerApplication] [           main] j.LocalContainerEntityManagerFactoryBean : Initialized JPA EntityManagerFactory for persistence unit 'default'
2026-05-10T09:18:39.807+07:00  WARN 5108 --- [ServerApplication] [           main] JpaBaseConfiguration$JpaWebConfiguration : spring.jpa.open-in-view is enabled by default. Therefore, database queries may be performed during view rendering. Explicitly configure spring.jpa.open-in-view to disable this warning
2026-05-10T09:18:40.070+07:00  INFO 5108 --- [ServerApplication] [           main] c.m.S.ServerApplicationTests             : Started ServerApplicationTests in 2.451 seconds (process running for 2.983)
]]></system-out>
    <system-err><![CDATA[WARNING: A Java agent has been loaded dynamically (C:\Users\khanh\.m2\repository\net\bytebuddy\byte-buddy-agent\1.14.19\byte-buddy-agent-1.14.19.jar)
WARNING: If a serviceability tool is in use, please run with -XX:+EnableDynamicAgentLoading to hide this warning
WARNING: If a serviceability tool is not in use, please run with -Djdk.instrument.traceUsage for more information
WARNING: Dynamic loading of agents will be disallowed by default in a future release
]]></system-err>
  </testcase>
  <testcase name="contextLoads" classname="com.monitoring.ServerApplication.ServerApplicationTests" time="0.001"/>
</testsuite>